<?xml version="1.0" encoding="UTF-8"?>
<!-- Generated by org.testng.reporters.JUnitXMLReporter -->
<testsuite hostname="LP-5CD2125X8V" ignored="0" name="Test" tests="6" failures="0" timestamp="04 Sep 2023 04:32:10 GMT" time="282.45" errors="0">
  <testcase name="Login" time="55.514" classname="LMS.Login.Myjob_Calen_Bmark"/>
  <testcase name="Login" time="38.888" classname="LMS.Login.DailyTask"/>
  <testcase name="verifyLoginCredentials on LMS.Login.LoginWithMultipleSetsOfData[frame0,0,0,0x0,invalid,hidden,layout=java.awt.BorderLayout,title=,resizable,normal,defaultCloseOperation=HIDE_ON_CLOSE,rootPane=javax.swing.JRootPane[,0,0,0x0,invalid,layout=javax.swing.JRootPane$RootLayout,alignmentX=0.0,alignmentY=0.0,border=,flags=16777673,maximumSize=,minimumSize=,preferredSize=],rootPaneCheckingEnabled=true]" time="34.012" classname="LMS.Login.LoginWithMultipleSetsOfData"/>
  <testcase name="verifyLoginCredentials on LMS.Login.LoginWithMultipleSetsOfData[frame0,0,0,0x0,invalid,hidden,layout=java.awt.BorderLayout,title=,resizable,normal,defaultCloseOperation=HIDE_ON_CLOSE,rootPane=javax.swing.JRootPane[,0,0,0x0,invalid,layout=javax.swing.JRootPane$RootLayout,alignmentX=0.0,alignmentY=0.0,border=,flags=16777673,maximumSize=,minimumSize=,preferredSize=],rootPaneCheckingEnabled=true]" time="30.936" classname="LMS.Login.LoginWithMultipleSetsOfData"/>
  <testcase name="verifyLoginCredentials on LMS.Login.LoginWithMultipleSetsOfData[frame0,0,0,0x0,invalid,hidden,layout=java.awt.BorderLayout,title=,resizable,normal,defaultCloseOperation=HIDE_ON_CLOSE,rootPane=javax.swing.JRootPane[,0,0,0x0,invalid,layout=javax.swing.JRootPane$RootLayout,alignmentX=0.0,alignmentY=0.0,border=,flags=16777673,maximumSize=,minimumSize=,preferredSize=],rootPaneCheckingEnabled=true]" time="34.369" classname="LMS.Login.LoginWithMultipleSetsOfData"/>
  <testcase name="verifyLoginCredentials on LMS.Login.LoginWithMultipleSetsOfData[frame0,0,0,0x0,invalid,hidden,layout=java.awt.BorderLayout,title=,resizable,normal,defaultCloseOperation=HIDE_ON_CLOSE,rootPane=javax.swing.JRootPane[,0,0,0x0,invalid,layout=javax.swing.JRootPane$RootLayout,alignmentX=0.0,alignmentY=0.0,border=,flags=16777673,maximumSize=,minimumSize=,preferredSize=],rootPaneCheckingEnabled=true]" time="33.028" classname="LMS.Login.LoginWithMultipleSetsOfData"/>
</testsuite> <!-- Test -->
